<?xml version="1.0" encoding="UTF-8"?>
<testsuite name="org.openstreetmap.josm.plugins.buildingsplitter.BuildingIntersectionServiceTest" tests="5" skipped="0" failures="0" errors="0" timestamp="2026-03-29T09:35:42.293Z" hostname="olis-machine" time="0.002">
  <properties/>
  <testcase name="rectangleHorizontalSplitReturnsTwoIntersections()" classname="org.openstreetmap.josm.plugins.buildingsplitter.BuildingIntersectionServiceTest" time="0.0"/>
  <testcase name="concaveShapeCrossingMoreThanTwiceFails()" classname="org.openstreetmap.josm.plugins.buildingsplitter.BuildingIntersectionServiceTest" time="0.001"/>
  <testcase name="lineOutsideBuildingReturnsNoIntersectionsFailure()" classname="org.openstreetmap.josm.plugins.buildingsplitter.BuildingIntersectionServiceTest" time="0.0"/>
  <testcase name="lineTouchingCornerReturnsOneIntersectionFailure()" classname="org.openstreetmap.josm.plugins.buildingsplitter.BuildingIntersectionServiceTest" time="0.001"/>
  <testcase name="rectangleVerticalLineCrossingTwiceSucceeds()" classname="org.openstreetmap.josm.plugins.buildingsplitter.BuildingIntersectionServiceTest" time="0.0"/>
  <system-out><![CDATA[]]></system-out>
  <system-err><![CDATA[]]></system-err>
</testsuite>
