<?xml version="1.0" encoding="UTF-8"?>
<testsuite name="org.openstreetmap.josm.plugins.buildingsplitter.AutoSplitBuildingServiceTest" tests="4" skipped="0" failures="0" errors="0" timestamp="2026-03-29T14:30:12.406Z" hostname="olis-machine" time="0.08">
  <properties/>
  <testcase name="partsOtherThanTwoFails()" classname="org.openstreetmap.josm.plugins.buildingsplitter.AutoSplitBuildingServiceTest" time="0.059"/>
  <testcase name="nonFourCornerBuildingFails()" classname="org.openstreetmap.josm.plugins.buildingsplitter.AutoSplitBuildingServiceTest" time="0.001"/>
  <testcase name="validFourCornerBuildingSplitsAndSelectsCreatedWays()" classname="org.openstreetmap.josm.plugins.buildingsplitter.AutoSplitBuildingServiceTest" time="0.01"/>
  <testcase name="validFourCornerBuildingSplitsIntoThreeParts()" classname="org.openstreetmap.josm.plugins.buildingsplitter.AutoSplitBuildingServiceTest" time="0.001"/>
  <system-out><![CDATA[]]></system-out>
  <system-err><![CDATA[]]></system-err>
</testsuite>
